# JRE version: OpenJDK Runtime Environment GraalVM CE 22.3.0 (17.0.5+8) (build 17.0.5+8-jvmci-22.3-b08)
# Java VM: OpenJDK 64-Bit Server VM GraalVM CE 22.3.0 (17.0.5+8-jvmci-22.3-b08, mixed mode, sharing, tiered, jvmci, jvmci compiler, compressed oops, compressed class ptrs, parallel gc, linux-amd64)
GC Precious Log:
 CPUs: 8 total, 1 available
 Memory: 1024M
 Large Page Support: Disabled
 NUMA Support: Disabled
 Compressed Oops: Enabled (32-bit)
 Alignments: Space 512K, Generation 512K, Heap 2M
 Heap Min Capacity: 100M
 Heap Initial Capacity: 100M
 Heap Max Capacity: 512M
 Pre-touch: Disabled
 Parallel Workers: 1
Heap:
 PSYoungGen      total 29696K, used 21504K [0x00000000f5580000, 0x00000000f7c00000, 0x0000000100000000)
  eden space 21504K, 100% used [0x00000000f5580000,0x00000000f6a80000,0x00000000f6a80000)
  from space 8192K, 0% used [0x00000000f7280000,0x00000000f7280000,0x00000000f7a80000)
  to   space 8192K, 0% used [0x00000000f6a80000,0x00000000f6a80000,0x00000000f7280000)
 ParOldGen       total 349696K, used 349695K [0x00000000e0000000, 0x00000000f5580000, 0x00000000f5580000)
  object space 349696K, 99% used [0x00000000e0000000,0x00000000f557fff8,0x00000000f5580000)
 Metaspace       used 59926K, committed 61120K, reserved 1105920K
  class space    used 5928K, committed 6400K, reserved 1048576K
GC Heap History (20 events):
Event: 899.368 GC heap before
{Heap before GC invocations=725 (full 616):
 PSYoungGen      total 29696K, used 21503K [0x00000000f5580000, 0x00000000f7c00000, 0x0000000100000000)
  eden space 21504K, 99% used [0x00000000f5580000,0x00000000f6a7fff8,0x00000000f6a80000)
  from space 8192K, 0% used [0x00000000f7280000,0x00000000f7280000,0x00000000f7a80000)
  to   space 8192K, 0% used [0x00000000f6a80000,0x00000000f6a80000,0x00000000f7280000)
 ParOldGen       total 349696K, used 349688K [0x00000000e0000000, 0x00000000f5580000, 0x00000000f5580000)
  object space 349696K, 99% used [0x00000000e0000000,0x00000000f557e3d8,0x00000000f5580000)
 Metaspace       used 59924K, committed 61120K, reserved 1105920K
  class space    used 5927K, committed 6400K, reserved 1048576K
}
Event: 900.707 GC heap after
{Heap after GC invocations=725 (full 616):
 PSYoungGen      total 29696K, used 21503K [0x00000000f5580000, 0x00000000f7c00000, 0x0000000100000000)
  eden space 21504K, 99% used [0x00000000f5580000,0x00000000f6a7fff8,0x00000000f6a80000)
  from space 8192K, 0% used [0x00000000f6a80000,0x00000000f6a80000,0x00000000f7280000)
  to   space 8192K, 0% used [0x00000000f7280000,0x00000000f7280000,0x00000000f7a80000)
 ParOldGen       total 349696K, used 349688K [0x00000000e0000000, 0x00000000f5580000, 0x00000000f5580000)
  object space 349696K, 99% used [0x00000000e0000000,0x00000000f557e3d8,0x00000000f5580000)
 Metaspace       used 59924K, committed 61120K, reserved 1105920K
  class space    used 5927K, committed 6400K, reserved 1048576K
}
Event: 900.708 GC heap before
{Heap before GC invocations=726 (full 617):
 PSYoungGen      total 29696K, used 21503K [0x00000000f5580000, 0x00000000f7c00000, 0x0000000100000000)
  eden space 21504K, 99% used [0x00000000f5580000,0x00000000f6a7fff8,0x00000000f6a80000)
  from space 8192K, 0% used [0x00000000f6a80000,0x00000000f6a80000,0x00000000f7280000)
  to   space 8192K, 0% used [0x00000000f7280000,0x00000000f7280000,0x00000000f7a80000)
 ParOldGen       total 349696K, used 349691K [0x00000000e0000000, 0x00000000f5580000, 0x00000000f5580000)
  object space 349696K, 99% used [0x00000000e0000000,0x00000000f557edc8,0x00000000f5580000)
 Metaspace       used 59924K, committed 61120K, reserved 1105920K
  class space    used 5927K, committed 6400K, reserved 1048576K
}
Event: 902.054 GC heap after
{Heap after GC invocations=726 (full 617):
 PSYoungGen      total 29696K, used 21503K [0x00000000f5580000, 0x00000000f7c00000, 0x0000000100000000)
  eden space 21504K, 99% used [0x00000000f5580000,0x00000000f6a7fec8,0x00000000f6a80000)
  from space 8192K, 0% used [0x00000000f7280000,0x00000000f7280000,0x00000000f7a80000)
  to   space 8192K, 0% used [0x00000000f6a80000,0x00000000f6a80000,0x00000000f7280000)
 ParOldGen       total 349696K, used 349689K [0x00000000e0000000, 0x00000000f5580000, 0x00000000f5580000)
  object space 349696K, 99% used [0x00000000e0000000,0x00000000f557e6f8,0x00000000f5580000)
 Metaspace       used 59924K, committed 61120K, reserved 1105920K
  class space    used 5927K, committed 6400K, reserved 1048576K
}
Event: 902.054 GC heap before
{Heap before GC invocations=727 (full 618):
 PSYoungGen      total 29696K, used 21504K [0x00000000f5580000, 0x00000000f7c00000, 0x0000000100000000)
  eden space 21504K, 100% used [0x00000000f5580000,0x00000000f6a80000,0x00000000f6a80000)
  from space 8192K, 0% used [0x00000000f7280000,0x00000000f7280000,0x00000000f7a80000)
  to   space 8192K, 0% used [0x00000000f6a80000,0x00000000f6a80000,0x00000000f7280000)
 ParOldGen       total 349696K, used 349689K [0x00000000e0000000, 0x00000000f5580000, 0x00000000f5580000)
  object space 349696K, 99% used [0x00000000e0000000,0x00000000f557e6f8,0x00000000f5580000)
 Metaspace       used 59924K, committed 61120K, reserved 1105920K
  class space    used 5927K, committed 6400K, reserved 1048576K
}
Event: 903.381 GC heap after
{Heap after GC invocations=727 (full 618):
 PSYoungGen      total 29696K, used 21504K [0x00000000f5580000, 0x00000000f7c00000, 0x0000000100000000)
  eden space 21504K, 100% used [0x00000000f5580000,0x00000000f6a80000,0x00000000f6a80000)
  from space 8192K, 0% used [0x00000000f6a80000,0x00000000f6a80000,0x00000000f7280000)
  to   space 8192K, 0% used [0x00000000f7280000,0x00000000f7280000,0x00000000f7a80000)
 ParOldGen       total 349696K, used 349689K [0x00000000e0000000, 0x00000000f5580000, 0x00000000f5580000)
  object space 349696K, 99% used [0x00000000e0000000,0x00000000f557e6f8,0x00000000f5580000)
 Metaspace       used 59924K, committed 61120K, reserved 1105920K
  class space    used 5927K, committed 6400K, reserved 1048576K
}
Event: 903.384 GC heap before
{Heap before GC invocations=728 (full 619):
 PSYoungGen      total 29696K, used 21504K [0x00000000f5580000, 0x00000000f7c00000, 0x0000000100000000)
  eden space 21504K, 100% used [0x00000000f5580000,0x00000000f6a80000,0x00000000f6a80000)
  from space 8192K, 0% used [0x00000000f6a80000,0x00000000f6a80000,0x00000000f7280000)
  to   space 8192K, 0% used [0x00000000f7280000,0x00000000f7280000,0x00000000f7a80000)
 ParOldGen       total 349696K, used 349692K [0x00000000e0000000, 0x00000000f5580000, 0x00000000f5580000)
  object space 349696K, 99% used [0x00000000e0000000,0x00000000f557f3d8,0x00000000f5580000)
 Metaspace       used 59924K, committed 61120K, reserved 1105920K
  class space    used 5927K, committed 6400K, reserved 1048576K
}
Event: 904.784 GC heap after
{Heap after GC invocations=728 (full 619):
 PSYoungGen      total 29696K, used 21504K [0x00000000f5580000, 0x00000000f7c00000, 0x0000000100000000)
  eden space 21504K, 100% used [0x00000000f5580000,0x00000000f6a80000,0x00000000f6a80000)
  from space 8192K, 0% used [0x00000000f7280000,0x00000000f7280000,0x00000000f7a80000)
  to   space 8192K, 0% used [0x00000000f6a80000,0x00000000f6a80000,0x00000000f7280000)
 ParOldGen       total 349696K, used 349691K [0x00000000e0000000, 0x00000000f5580000, 0x00000000f5580000)
  object space 349696K, 99% used [0x00000000e0000000,0x00000000f557ee90,0x00000000f5580000)
 Metaspace       used 59924K, committed 61120K, reserved 1105920K
  class space    used 5927K, committed 6400K, reserved 1048576K
}
Event: 904.784 GC heap before
{Heap before GC invocations=729 (full 620):
 PSYoungGen      total 29696K, used 21504K [0x00000000f5580000, 0x00000000f7c00000, 0x0000000100000000)
  eden space 21504K, 100% used [0x00000000f5580000,0x00000000f6a80000,0x00000000f6a80000)
  from space 8192K, 0% used [0x00000000f7280000,0x00000000f7280000,0x00000000f7a80000)
  to   space 8192K, 0% used [0x00000000f6a80000,0x00000000f6a80000,0x00000000f7280000)
 ParOldGen       total 349696K, used 349695K [0x00000000e0000000, 0x00000000f5580000, 0x00000000f5580000)
  object space 349696K, 99% used [0x00000000e0000000,0x00000000f557ff70,0x00000000f5580000)
 Metaspace       used 59926K, committed 61120K, reserved 1105920K
  class space    used 5928K, committed 6400K, reserved 1048576K
}
Event: 906.069 GC heap after
{Heap after GC invocations=729 (full 620):
 PSYoungGen      total 29696K, used 21504K [0x00000000f5580000, 0x00000000f7c00000, 0x0000000100000000)
  eden space 21504K, 100% used [0x00000000f5580000,0x00000000f6a80000,0x00000000f6a80000)
  from space 8192K, 0% used [0x00000000f6a80000,0x00000000f6a80000,0x00000000f7280000)
  to   space 8192K, 0% used [0x00000000f7280000,0x00000000f7280000,0x00000000f7a80000)
 ParOldGen       total 349696K, used 349695K [0x00000000e0000000, 0x00000000f5580000, 0x00000000f5580000)
  object space 349696K, 99% used [0x00000000e0000000,0x00000000f557fca8,0x00000000f5580000)
 Metaspace       used 59926K, committed 61120K, reserved 1105920K
  class space    used 5928K, committed 6400K, reserved 1048576K
}
Event: 906.071 GC heap before
{Heap before GC invocations=730 (full 621):
 PSYoungGen      total 29696K, used 21504K [0x00000000f5580000, 0x00000000f7c00000, 0x0000000100000000)
  eden space 21504K, 100% used [0x00000000f5580000,0x00000000f6a80000,0x00000000f6a80000)
  from space 8192K, 0% used [0x00000000f6a80000,0x00000000f6a80000,0x00000000f7280000)
  to   space 8192K, 0% used [0x00000000f7280000,0x00000000f7280000,0x00000000f7a80000)
 ParOldGen       total 349696K, used 349696K [0x00000000e0000000, 0x00000000f5580000, 0x00000000f5580000)
  object space 349696K, 100% used [0x00000000e0000000,0x00000000f5580000,0x00000000f5580000)
 Metaspace       used 59926K, committed 61120K, reserved 1105920K
  class space    used 5928K, committed 6400K, reserved 1048576K
}
Event: 907.461 GC heap after
{Heap after GC invocations=730 (full 621):
 PSYoungGen      total 29696K, used 21504K [0x00000000f5580000, 0x00000000f7c00000, 0x0000000100000000)
  eden space 21504K, 100% used [0x00000000f5580000,0x00000000f6a80000,0x00000000f6a80000)
  from space 8192K, 0% used [0x00000000f7280000,0x00000000f7280000,0x00000000f7a80000)
  to   space 8192K, 0% used [0x00000000f6a80000,0x00000000f6a80000,0x00000000f7280000)
 ParOldGen       total 349696K, used 349695K [0x00000000e0000000, 0x00000000f5580000, 0x00000000f5580000)
  object space 349696K, 99% used [0x00000000e0000000,0x00000000f557fe98,0x00000000f5580000)
 Metaspace       used 59926K, committed 61120K, reserved 1105920K
  class space    used 5928K, committed 6400K, reserved 1048576K
}
Event: 907.463 GC heap before
{Heap before GC invocations=731 (full 622):
 PSYoungGen      total 29696K, used 21504K [0x00000000f5580000, 0x00000000f7c00000, 0x0000000100000000)
  eden space 21504K, 100% used [0x00000000f5580000,0x00000000f6a80000,0x00000000f6a80000)
  from space 8192K, 0% used [0x00000000f7280000,0x00000000f7280000,0x00000000f7a80000)
  to   space 8192K, 0% used [0x00000000f6a80000,0x00000000f6a80000,0x00000000f7280000)
 ParOldGen       total 349696K, used 349695K [0x00000000e0000000, 0x00000000f5580000, 0x00000000f5580000)
  object space 349696K, 99% used [0x00000000e0000000,0x00000000f557ff58,0x00000000f5580000)
 Metaspace       used 59926K, committed 61120K, reserved 1105920K
  class space    used 5928K, committed 6400K, reserved 1048576K
}
Event: 908.736 GC heap after
{Heap after GC invocations=731 (full 622):
 PSYoungGen      total 29696K, used 21504K [0x00000000f5580000, 0x00000000f7c00000, 0x0000000100000000)
  eden space 21504K, 100% used [0x00000000f5580000,0x00000000f6a80000,0x00000000f6a80000)
  from space 8192K, 0% used [0x00000000f6a80000,0x00000000f6a80000,0x00000000f7280000)
  to   space 8192K, 0% used [0x00000000f7280000,0x00000000f7280000,0x00000000f7a80000)
 ParOldGen       total 349696K, used 349695K [0x00000000e0000000, 0x00000000f5580000, 0x00000000f5580000)
  object space 349696K, 99% used [0x00000000e0000000,0x00000000f557fe98,0x00000000f5580000)
 Metaspace       used 59926K, committed 61120K, reserved 1105920K
  class space    used 5928K, committed 6400K, reserved 1048576K
}
Event: 908.736 GC heap before
{Heap before GC invocations=732 (full 623):
 PSYoungGen      total 29696K, used 21504K [0x00000000f5580000, 0x00000000f7c00000, 0x0000000100000000)
  eden space 21504K, 100% used [0x00000000f5580000,0x00000000f6a80000,0x00000000f6a80000)
  from space 8192K, 0% used [0x00000000f6a80000,0x00000000f6a80000,0x00000000f7280000)
  to   space 8192K, 0% used [0x00000000f7280000,0x00000000f7280000,0x00000000f7a80000)
 ParOldGen       total 349696K, used 349695K [0x00000000e0000000, 0x00000000f5580000, 0x00000000f5580000)
  object space 349696K, 99% used [0x00000000e0000000,0x00000000f557fff8,0x00000000f5580000)
 Metaspace       used 59926K, committed 61120K, reserved 1105920K
  class space    used 5928K, committed 6400K, reserved 1048576K
}
Event: 910.214 GC heap after
{Heap after GC invocations=732 (full 623):
 PSYoungGen      total 29696K, used 21504K [0x00000000f5580000, 0x00000000f7c00000, 0x0000000100000000)
  eden space 21504K, 100% used [0x00000000f5580000,0x00000000f6a80000,0x00000000f6a80000)
  from space 8192K, 0% used [0x00000000f7280000,0x00000000f7280000,0x00000000f7a80000)
  to   space 8192K, 0% used [0x00000000f6a80000,0x00000000f6a80000,0x00000000f7280000)
 ParOldGen       total 349696K, used 349695K [0x00000000e0000000, 0x00000000f5580000, 0x00000000f5580000)
  object space 349696K, 99% used [0x00000000e0000000,0x00000000f557fe98,0x00000000f5580000)
 Metaspace       used 59926K, committed 61120K, reserved 1105920K
  class space    used 5928K, committed 6400K, reserved 1048576K
}
Event: 910.215 GC heap before
{Heap before GC invocations=733 (full 624):
 PSYoungGen      total 29696K, used 21504K [0x00000000f5580000, 0x00000000f7c00000, 0x0000000100000000)
  eden space 21504K, 100% used [0x00000000f5580000,0x00000000f6a80000,0x00000000f6a80000)
  from space 8192K, 0% used [0x00000000f7280000,0x00000000f7280000,0x00000000f7a80000)
  to   space 8192K, 0% used [0x00000000f6a80000,0x00000000f6a80000,0x00000000f7280000)
 ParOldGen       total 349696K, used 349695K [0x00000000e0000000, 0x00000000f5580000, 0x00000000f5580000)
  object space 349696K, 99% used [0x00000000e0000000,0x00000000f557ff30,0x00000000f5580000)
 Metaspace       used 59926K, committed 61120K, reserved 1105920K
  class space    used 5928K, committed 6400K, reserved 1048576K
}
Event: 911.670 GC heap after
{Heap after GC invocations=733 (full 624):
 PSYoungGen      total 29696K, used 21504K [0x00000000f5580000, 0x00000000f7c00000, 0x0000000100000000)
  eden space 21504K, 100% used [0x00000000f5580000,0x00000000f6a80000,0x00000000f6a80000)
  from space 8192K, 0% used [0x00000000f6a80000,0x00000000f6a80000,0x00000000f7280000)
  to   space 8192K, 0% used [0x00000000f7280000,0x00000000f7280000,0x00000000f7a80000)
 ParOldGen       total 349696K, used 349695K [0x00000000e0000000, 0x00000000f5580000, 0x00000000f5580000)
  object space 349696K, 99% used [0x00000000e0000000,0x00000000f557fec0,0x00000000f5580000)
 Metaspace       used 59926K, committed 61120K, reserved 1105920K
  class space    used 5928K, committed 6400K, reserved 1048576K
}
Event: 911.670 GC heap before
{Heap before GC invocations=734 (full 625):
 PSYoungGen      total 29696K, used 21504K [0x00000000f5580000, 0x00000000f7c00000, 0x0000000100000000)
  eden space 21504K, 100% used [0x00000000f5580000,0x00000000f6a80000,0x00000000f6a80000)
  from space 8192K, 0% used [0x00000000f6a80000,0x00000000f6a80000,0x00000000f7280000)
  to   space 8192K, 0% used [0x00000000f7280000,0x00000000f7280000,0x00000000f7a80000)
 ParOldGen       total 349696K, used 349695K [0x00000000e0000000, 0x00000000f5580000, 0x00000000f5580000)
  object space 349696K, 99% used [0x00000000e0000000,0x00000000f557fec0,0x00000000f5580000)
 Metaspace       used 59926K, committed 61120K, reserved 1105920K
  class space    used 5928K, committed 6400K, reserved 1048576K
}
Event: 913.222 GC heap after
{Heap after GC invocations=734 (full 625):
 PSYoungGen      total 29696K, used 21504K [0x00000000f5580000, 0x00000000f7c00000, 0x0000000100000000)
  eden space 21504K, 100% used [0x00000000f5580000,0x00000000f6a80000,0x00000000f6a80000)
  from space 8192K, 0% used [0x00000000f7280000,0x00000000f7280000,0x00000000f7a80000)
  to   space 8192K, 0% used [0x00000000f6a80000,0x00000000f6a80000,0x00000000f7280000)
 ParOldGen       total 349696K, used 349695K [0x00000000e0000000, 0x00000000f5580000, 0x00000000f5580000)
  object space 349696K, 99% used [0x00000000e0000000,0x00000000f557fec0,0x00000000f5580000)
 Metaspace       used 59926K, committed 61120K, reserved 1105920K
  class space    used 5928K, committed 6400K, reserved 1048576K
}

